<?xml version="1.0" encoding="UTF-8"?>
<testsuite name="EventTest" tests="1" skipped="0" failures="0" errors="0" timestamp="2017-06-30T20:25:50" hostname="DESKTOP-BP20GS2" time="0.002">
  <properties/>
  <testcase name="newEvent_createNewEvent_true" classname="EventTest" time="0.002"/>
  <system-out><![CDATA[]]></system-out>
  <system-err><![CDATA[]]></system-err>
</testsuite>
